#-----------------------------------------------------------
# xsim v2022.1 (64-bit)
# SW Build 3526262 on Mon Apr 18 15:47:01 MDT 2022
# IP Build 3524634 on Mon Apr 18 20:55:01 MDT 2022
# Start of session at: Wed Dec  6 13:26:06 2023
# Process ID: 1374698
# Current directory: /home/ubuntu/DSPIC_HW4/project_1
# Command line: xsim -mode tcl -source {xsim.dir/fir_tb_elab/xsim_script.tcl}
# Log file: /home/ubuntu/DSPIC_HW4/project_1/xsim.log
# Journal file: /home/ubuntu/DSPIC_HW4/project_1/xsim.jou
# Running On: ubuntu2004, OS: Linux, CPU Frequency: 3393.626 MHz, CPU Physical cores: 4, Host memory: 12538 MB
#-----------------------------------------------------------
source xsim.dir/fir_tb_elab/xsim_script.tcl
# xsim {fir_tb_elab} -autoloadwcfg -runall
Time resolution is 1 ps
run -all
------------Start Simulation-----------
[Correct] [Pattern          0] Golden answer:      542, Your answer:      542
[Correct] [Pattern          1] Golden answer:     1705, Your answer:     1705
[Correct] [Pattern          2] Golden answer:     -542, Your answer:     -542
[Correct] [Pattern          3] Golden answer:    -2299, Your answer:    -2299
[Correct] [Pattern          4] Golden answer:     -206, Your answer:     -206
[Correct] [Pattern          5] Golden answer:     2983, Your answer:     2983
[Correct] [Pattern          6] Golden answer:     1423, Your answer:     1423
[Correct] [Pattern          7] Golden answer:    -5404, Your answer:    -5404
[Correct] [Pattern          8] Golden answer:    -4972, Your answer:    -4972
[Correct] [Pattern          9] Golden answer:     5969, Your answer:     5969
[Correct] [Pattern         10] Golden answer:    10432, Your answer:    10432
[Correct] [Pattern         11] Golden answer:    -2550, Your answer:    -2550
[Correct] [Pattern         12] Golden answer:   -16848, Your answer:   -16848
[Correct] [Pattern         13] Golden answer:    -5096, Your answer:    -5096
[Correct] [Pattern         14] Golden answer:    25397, Your answer:    25397
[Correct] [Pattern         15] Golden answer:    25676, Your answer:    25676
[Correct] [Pattern         16] Golden answer:   -38221, Your answer:   -38221
[Correct] [Pattern         17] Golden answer:  -132042, Your answer:  -132042
[Correct] [Pattern         18] Golden answer:  -177012, Your answer:  -177012
[Correct] [Pattern         19] Golden answer:  -148645, Your answer:  -148645
[Correct] [Pattern         20] Golden answer:   -94889, Your answer:   -94889
[Correct] [Pattern         21] Golden answer:   -50626, Your answer:   -50626
[Correct] [Pattern         22] Golden answer:    23451, Your answer:    23451
[Correct] [Pattern         23] Golden answer:   165981, Your answer:   165981
[Correct] [Pattern         24] Golden answer:   294429, Your answer:   294429
[Correct] [Pattern         25] Golden answer:   265783, Your answer:   265783
[Correct] [Pattern         26] Golden answer:    71120, Your answer:    71120
[Correct] [Pattern         27] Golden answer:  -127375, Your answer:  -127375
[Correct] [Pattern         28] Golden answer:  -196336, Your answer:  -196336
[Correct] [Pattern         29] Golden answer:  -174123, Your answer:  -174123
[Correct] [Pattern         30] Golden answer:  -143128, Your answer:  -143128
[Correct] [Pattern         31] Golden answer:   -88645, Your answer:   -88645
[Correct] [Pattern         32] Golden answer:    24694, Your answer:    24694
[Correct] [Pattern         33] Golden answer:    98307, Your answer:    98307
[Correct] [Pattern         34] Golden answer:   -13440, Your answer:   -13440
[Correct] [Pattern         35] Golden answer:  -258193, Your answer:  -258193
[Correct] [Pattern         36] Golden answer:  -375144, Your answer:  -375144
[Correct] [Pattern         37] Golden answer:  -214222, Your answer:  -214222
[Correct] [Pattern         38] Golden answer:    38793, Your answer:    38793
[Correct] [Pattern         39] Golden answer:   109625, Your answer:   109625
[Correct] [Pattern         40] Golden answer:      168, Your answer:      168
[Correct] [Pattern         41] Golden answer:   -40291, Your answer:   -40291
[Correct] [Pattern         42] Golden answer:   106686, Your answer:   106686
[Correct] [Pattern         43] Golden answer:   239386, Your answer:   239386
[Correct] [Pattern         44] Golden answer:   132554, Your answer:   132554
[Correct] [Pattern         45] Golden answer:  -138971, Your answer:  -138971
[Correct] [Pattern         46] Golden answer:  -276145, Your answer:  -276145
[Correct] [Pattern         47] Golden answer:  -111899, Your answer:  -111899
[Correct] [Pattern         48] Golden answer:   203840, Your answer:   203840
[Correct] [Pattern         49] Golden answer:   375135, Your answer:   375135
[Correct] [Pattern         50] Golden answer:   253034, Your answer:   253034
[Correct] [Pattern         51] Golden answer:   -51795, Your answer:   -51795
[Correct] [Pattern         52] Golden answer:  -286890, Your answer:  -286890
[Correct] [Pattern         53] Golden answer:  -286400, Your answer:  -286400
[Correct] [Pattern         54] Golden answer:  -109787, Your answer:  -109787
[Correct] [Pattern         55] Golden answer:    11986, Your answer:    11986
[Correct] [Pattern         56] Golden answer:   -68511, Your answer:   -68511
[Correct] [Pattern         57] Golden answer:  -245666, Your answer:  -245666
[Correct] [Pattern         58] Golden answer:  -294712, Your answer:  -294712
[Correct] [Pattern         59] Golden answer:  -137167, Your answer:  -137167
[Correct] [Pattern         60] Golden answer:    78552, Your answer:    78552
[Correct] [Pattern         61] Golden answer:   178524, Your answer:   178524
[Correct] [Pattern         62] Golden answer:   159253, Your answer:   159253
[Correct] [Pattern         63] Golden answer:   118925, Your answer:   118925
[Correct] [Pattern         64] Golden answer:   107346, Your answer:   107346
[Correct] [Pattern         65] Golden answer:   111912, Your answer:   111912
[Correct] [Pattern         66] Golden answer:   128607, Your answer:   128607
[Correct] [Pattern         67] Golden answer:   162582, Your answer:   162582
[Correct] [Pattern         68] Golden answer:   192599, Your answer:   192599
[Correct] [Pattern         69] Golden answer:   200775, Your answer:   200775
[Correct] [Pattern         70] Golden answer:   210823, Your answer:   210823
[Correct] [Pattern         71] Golden answer:   232932, Your answer:   232932
[Correct] [Pattern         72] Golden answer:   188193, Your answer:   188193
[Correct] [Pattern         73] Golden answer:   -26848, Your answer:   -26848
[Correct] [Pattern         74] Golden answer:  -366250, Your answer:  -366250
[Correct] [Pattern         75] Golden answer:   444618, Your answer:   444618
[Correct] [Pattern         76] Golden answer:   494076, Your answer:   494076
[Correct] [Pattern         77] Golden answer:  -280822, Your answer:  -280822
[Correct] [Pattern         78] Golden answer:   -34967, Your answer:   -34967
[Correct] [Pattern         79] Golden answer:     2496, Your answer:     2496
[Correct] [Pattern         80] Golden answer:  -111073, Your answer:  -111073
[Correct] [Pattern         81] Golden answer:  -188677, Your answer:  -188677
[Correct] [Pattern         82] Golden answer:  -120255, Your answer:  -120255
[Correct] [Pattern         83] Golden answer:    25422, Your answer:    25422
[Correct] [Pattern         84] Golden answer:    76998, Your answer:    76998
[Correct] [Pattern         85] Golden answer:   -55390, Your answer:   -55390
[Correct] [Pattern         86] Golden answer:  -254951, Your answer:  -254951
[Correct] [Pattern         87] Golden answer:  -294305, Your answer:  -294305
[Correct] [Pattern         88] Golden answer:   -98194, Your answer:   -98194
[Correct] [Pattern         89] Golden answer:   141100, Your answer:   141100
[Correct] [Pattern         90] Golden answer:   185309, Your answer:   185309
[Correct] [Pattern         91] Golden answer:    34636, Your answer:    34636
[Correct] [Pattern         92] Golden answer:   -95587, Your answer:   -95587
[Correct] [Pattern         93] Golden answer:   -83158, Your answer:   -83158
[Correct] [Pattern         94] Golden answer:   -44274, Your answer:   -44274
[Correct] [Pattern         95] Golden answer:  -118716, Your answer:  -118716
[Correct] [Pattern         96] Golden answer:  -238222, Your answer:  -238222
[Correct] [Pattern         97] Golden answer:  -219458, Your answer:  -219458
[Correct] [Pattern         98] Golden answer:   -20167, Your answer:   -20167
[Correct] [Pattern         99] Golden answer:   194116, Your answer:   194116
[Correct] [Pattern        100] Golden answer:   246672, Your answer:   246672
[Correct] [Pattern        101] Golden answer:   139448, Your answer:   139448
[Correct] [Pattern        102] Golden answer:    13711, Your answer:    13711
[Correct] [Pattern        103] Golden answer:    -7150, Your answer:    -7150
[Correct] [Pattern        104] Golden answer:    81622, Your answer:    81622
[Correct] [Pattern        105] Golden answer:   195054, Your answer:   195054
[Correct] [Pattern        106] Golden answer:   231443, Your answer:   231443
[Correct] [Pattern        107] Golden answer:   147901, Your answer:   147901
[Correct] [Pattern        108] Golden answer:   -18245, Your answer:   -18245
[Correct] [Pattern        109] Golden answer:  -195032, Your answer:  -195032
[Correct] [Pattern        110] Golden answer:  -341830, Your answer:  -341830
[Correct] [Pattern        111] Golden answer:  -439379, Your answer:  -439379
[Correct] [Pattern        112] Golden answer:  -440498, Your answer:  -440498
[Correct] [Pattern        113] Golden answer:  -283837, Your answer:  -283837
[Correct] [Pattern        114] Golden answer:   -20908, Your answer:   -20908
[Correct] [Pattern        115] Golden answer:   174190, Your answer:   174190
[Correct] [Pattern        116] Golden answer:   170512, Your answer:   170512
[Correct] [Pattern        117] Golden answer:    21238, Your answer:    21238
[Correct] [Pattern        118] Golden answer:   -90846, Your answer:   -90846
[Correct] [Pattern        119] Golden answer:   -55693, Your answer:   -55693
[Correct] [Pattern        120] Golden answer:    59875, Your answer:    59875
[Correct] [Pattern        121] Golden answer:    99397, Your answer:    99397
[Correct] [Pattern        122] Golden answer:   -34811, Your answer:   -34811
[Correct] [Pattern        123] Golden answer:  -271746, Your answer:  -271746
[Correct] [Pattern        124] Golden answer:  -404355, Your answer:  -404355
[Correct] [Pattern        125] Golden answer:  -258809, Your answer:  -258809
[Correct] [Pattern        126] Golden answer:    98808, Your answer:    98808
[Correct] [Pattern        127] Golden answer:   369226, Your answer:   369226
[Correct] [Pattern        128] Golden answer:   307717, Your answer:   307717
[Correct] [Pattern        129] Golden answer:    19579, Your answer:    19579
[Correct] [Pattern        130] Golden answer:  -146682, Your answer:  -146682
[Correct] [Pattern        131] Golden answer:   -22380, Your answer:   -22380
[Correct] [Pattern        132] Golden answer:   191577, Your answer:   191577
[Correct] [Pattern        133] Golden answer:   225264, Your answer:   225264
[Correct] [Pattern        134] Golden answer:    98564, Your answer:    98564
[Correct] [Pattern        135] Golden answer:    30604, Your answer:    30604
[Correct] [Pattern        136] Golden answer:    73742, Your answer:    73742
[Correct] [Pattern        137] Golden answer:    58355, Your answer:    58355
[Correct] [Pattern        138] Golden answer:   -87747, Your answer:   -87747
[Correct] [Pattern        139] Golden answer:  -191837, Your answer:  -191837
[Correct] [Pattern        140] Golden answer:  -102598, Your answer:  -102598
[Correct] [Pattern        141] Golden answer:    52872, Your answer:    52872
[Correct] [Pattern        142] Golden answer:    45030, Your answer:    45030
[Correct] [Pattern        143] Golden answer:   -87964, Your answer:   -87964
[Correct] [Pattern        144] Golden answer:   -61183, Your answer:   -61183
[Correct] [Pattern        145] Golden answer:   229035, Your answer:   229035
[Correct] [Pattern        146] Golden answer:   491149, Your answer:   491149
[Correct] [Pattern        147] Golden answer:   385039, Your answer:   385039
[Correct] [Pattern        148] Golden answer:   -25156, Your answer:   -25156
[Correct] [Pattern        149] Golden answer:  -332905, Your answer:  -332905
[Correct] [Pattern        150] Golden answer:  -295504, Your answer:  -295504
[Correct] [Pattern        151] Golden answer:  -101179, Your answer:  -101179
[Correct] [Pattern        152] Golden answer:   -92836, Your answer:   -92836
[Correct] [Pattern        153] Golden answer:  -339433, Your answer:  -339433
[Correct] [Pattern        154] Golden answer:   486578, Your answer:   486578
[Correct] [Pattern        155] Golden answer:  -469646, Your answer:  -469646
[Correct] [Pattern        156] Golden answer:   -85538, Your answer:   -85538
[Correct] [Pattern        157] Golden answer:   286614, Your answer:   286614
[Correct] [Pattern        158] Golden answer:   364357, Your answer:   364357
[Correct] [Pattern        159] Golden answer:   142605, Your answer:   142605
[Correct] [Pattern        160] Golden answer:  -142216, Your answer:  -142216
[Correct] [Pattern        161] Golden answer:  -239588, Your answer:  -239588
[Correct] [Pattern        162] Golden answer:   -92774, Your answer:   -92774
[Correct] [Pattern        163] Golden answer:   143691, Your answer:   143691
[Correct] [Pattern        164] Golden answer:   258411, Your answer:   258411
[Correct] [Pattern        165] Golden answer:   199759, Your answer:   199759
[Correct] [Pattern        166] Golden answer:   109080, Your answer:   109080
[Correct] [Pattern        167] Golden answer:   139697, Your answer:   139697
[Correct] [Pattern        168] Golden answer:   266823, Your answer:   266823
[Correct] [Pattern        169] Golden answer:   311829, Your answer:   311829
[Correct] [Pattern        170] Golden answer:   157009, Your answer:   157009
[Correct] [Pattern        171] Golden answer:  -110162, Your answer:  -110162
[Correct] [Pattern        172] Golden answer:  -289655, Your answer:  -289655
[Correct] [Pattern        173] Golden answer:  -268960, Your answer:  -268960
[Correct] [Pattern        174] Golden answer:   -88402, Your answer:   -88402
[Correct] [Pattern        175] Golden answer:   135847, Your answer:   135847
[Correct] [Pattern        176] Golden answer:   308558, Your answer:   308558
[Correct] [Pattern        177] Golden answer:   380138, Your answer:   380138
[Correct] [Pattern        178] Golden answer:   320614, Your answer:   320614
[Correct] [Pattern        179] Golden answer:   125753, Your answer:   125753
[Correct] [Pattern        180] Golden answer:  -144247, Your answer:  -144247
[Correct] [Pattern        181] Golden answer:  -358019, Your answer:  -358019
[Correct] [Pattern        182] Golden answer:  -396791, Your answer:  -396791
[Correct] [Pattern        183] Golden answer:  -291735, Your answer:  -291735
[Correct] [Pattern        184] Golden answer:  -193064, Your answer:  -193064
[Correct] [Pattern        185] Golden answer:  -188684, Your answer:  -188684
[Correct] [Pattern        186] Golden answer:  -171599, Your answer:  -171599
[Correct] [Pattern        187] Golden answer:     8401, Your answer:     8401
[Correct] [Pattern        188] Golden answer:   259683, Your answer:   259683
[Correct] [Pattern        189] Golden answer:   274123, Your answer:   274123
[Correct] [Pattern        190] Golden answer:   -45786, Your answer:   -45786
[Correct] [Pattern        191] Golden answer:  -342210, Your answer:  -342210
[Correct] [Pattern        192] Golden answer:  -201918, Your answer:  -201918
[Correct] [Pattern        193] Golden answer:   262783, Your answer:   262783
[Correct] [Pattern        194] Golden answer:   503528, Your answer:   503528
[Correct] [Pattern        195] Golden answer:   246822, Your answer:   246822
[Correct] [Pattern        196] Golden answer:  -140426, Your answer:  -140426
[Correct] [Pattern        197] Golden answer:  -180764, Your answer:  -180764
[Correct] [Pattern        198] Golden answer:    68868, Your answer:    68868
[Correct] [Pattern        199] Golden answer:   169149, Your answer:   169149
[Correct] [Pattern        200] Golden answer:   -29907, Your answer:   -29907
[Correct] [Pattern        201] Golden answer:  -206631, Your answer:  -206631
[Correct] [Pattern        202] Golden answer:  -103674, Your answer:  -103674
[Correct] [Pattern        203] Golden answer:    85897, Your answer:    85897
[Correct] [Pattern        204] Golden answer:    38971, Your answer:    38971
[Correct] [Pattern        205] Golden answer:  -203921, Your answer:  -203921
[Correct] [Pattern        206] Golden answer:  -325208, Your answer:  -325208
[Correct] [Pattern        207] Golden answer:  -199788, Your answer:  -199788
[Correct] [Pattern        208] Golden answer:   -38739, Your answer:   -38739
[Correct] [Pattern        209] Golden answer:   -52563, Your answer:   -52563
[Correct] [Pattern        210] Golden answer:  -176890, Your answer:  -176890
[Correct] [Pattern        211] Golden answer:  -212774, Your answer:  -212774
[Correct] [Pattern        212] Golden answer:  -111353, Your answer:  -111353
[Correct] [Pattern        213] Golden answer:    11197, Your answer:    11197
[Correct] [Pattern        214] Golden answer:    54206, Your answer:    54206
[Correct] [Pattern        215] Golden answer:    32385, Your answer:    32385
[Correct] [Pattern        216] Golden answer:   -12621, Your answer:   -12621
[Correct] [Pattern        217] Golden answer:   -75499, Your answer:   -75499
[Correct] [Pattern        218] Golden answer:  -132087, Your answer:  -132087
[Correct] [Pattern        219] Golden answer:  -126200, Your answer:  -126200
[Correct] [Pattern        220] Golden answer:   -27498, Your answer:   -27498
[Correct] [Pattern        221] Golden answer:    98437, Your answer:    98437
[Correct] [Pattern        222] Golden answer:   160124, Your answer:   160124
[Correct] [Pattern        223] Golden answer:   155647, Your answer:   155647
[Correct] [Pattern        224] Golden answer:   161796, Your answer:   161796
[Correct] [Pattern        225] Golden answer:   202054, Your answer:   202054
[Correct] [Pattern        226] Golden answer:   216164, Your answer:   216164
[Correct] [Pattern        227] Golden answer:   163785, Your answer:   163785
[Correct] [Pattern        228] Golden answer:    93583, Your answer:    93583
[Correct] [Pattern        229] Golden answer:    73244, Your answer:    73244
[Correct] [Pattern        230] Golden answer:    91004, Your answer:    91004
[Correct] [Pattern        231] Golden answer:    65280, Your answer:    65280
[Correct] [Pattern        232] Golden answer:   -24207, Your answer:   -24207
[Correct] [Pattern        233] Golden answer:   -99137, Your answer:   -99137
[Correct] [Pattern        234] Golden answer:   -61552, Your answer:   -61552
[Correct] [Pattern        235] Golden answer:    82737, Your answer:    82737
[Correct] [Pattern        236] Golden answer:   224266, Your answer:   224266
[Correct] [Pattern        237] Golden answer:   248554, Your answer:   248554
[Correct] [Pattern        238] Golden answer:   147028, Your answer:   147028
[Correct] [Pattern        239] Golden answer:    23845, Your answer:    23845
[Correct] [Pattern        240] Golden answer:     1053, Your answer:     1053
[Correct] [Pattern        241] Golden answer:   100696, Your answer:   100696
[Correct] [Pattern        242] Golden answer:   190530, Your answer:   190530
[Correct] [Pattern        243] Golden answer:   105942, Your answer:   105942
[Correct] [Pattern        244] Golden answer:  -149585, Your answer:  -149585
[Correct] [Pattern        245] Golden answer:  -359905, Your answer:  -359905
[Correct] [Pattern        246] Golden answer:  -322835, Your answer:  -322835
[Correct] [Pattern        247] Golden answer:   -82174, Your answer:   -82174
[Correct] [Pattern        248] Golden answer:   117611, Your answer:   117611
[Correct] [Pattern        249] Golden answer:   106993, Your answer:   106993
[Correct] [Pattern        250] Golden answer:   -35204, Your answer:   -35204
[Correct] [Pattern        251] Golden answer:  -106533, Your answer:  -106533
[Correct] [Pattern        252] Golden answer:   -40912, Your answer:   -40912
[Correct] [Pattern        253] Golden answer:    19672, Your answer:    19672
[Correct] [Pattern        254] Golden answer:   -81079, Your answer:   -81079
[Correct] [Pattern        255] Golden answer:  -301201, Your answer:  -301201
[Correct] [Pattern        256] Golden answer:  -401775, Your answer:  -401775
[Correct] [Pattern        257] Golden answer:  -190872, Your answer:  -190872
[Correct] [Pattern        258] Golden answer:   244116, Your answer:   244116
[Correct] [Pattern        259] Golden answer:  -480438, Your answer:  -480438
[Correct] [Pattern        260] Golden answer:   523172, Your answer:   523172
[Correct] [Pattern        261] Golden answer:   193123, Your answer:   193123
[Correct] [Pattern        262] Golden answer:   -82986, Your answer:   -82986
[Correct] [Pattern        263] Golden answer:   -76302, Your answer:   -76302
[Correct] [Pattern        264] Golden answer:   115709, Your answer:   115709
[Correct] [Pattern        265] Golden answer:   269434, Your answer:   269434
[Correct] [Pattern        266] Golden answer:   331681, Your answer:   331681
[Correct] [Pattern        267] Golden answer:   416353, Your answer:   416353
[Correct] [Pattern        268] Golden answer:  -493701, Your answer:  -493701
[Correct] [Pattern        269] Golden answer:  -471322, Your answer:  -471322
[Correct] [Pattern        270] Golden answer:   338660, Your answer:   338660
[Correct] [Pattern        271] Golden answer:   -46613, Your answer:   -46613
[Correct] [Pattern        272] Golden answer:  -262365, Your answer:  -262365
[Correct] [Pattern        273] Golden answer:  -120474, Your answer:  -120474
[Correct] [Pattern        274] Golden answer:   237873, Your answer:   237873
[Correct] [Pattern        275] Golden answer:   488066, Your answer:   488066
[Correct] [Pattern        276] Golden answer:   448721, Your answer:   448721
[Correct] [Pattern        277] Golden answer:   233790, Your answer:   233790
[Correct] [Pattern        278] Golden answer:    92543, Your answer:    92543
[Correct] [Pattern        279] Golden answer:   131087, Your answer:   131087
[Correct] [Pattern        280] Golden answer:   242741, Your answer:   242741
[Correct] [Pattern        281] Golden answer:   284908, Your answer:   284908
[Correct] [Pattern        282] Golden answer:   243224, Your answer:   243224
[Correct] [Pattern        283] Golden answer:   198724, Your answer:   198724
[Correct] [Pattern        284] Golden answer:   182869, Your answer:   182869
[Correct] [Pattern        285] Golden answer:   143337, Your answer:   143337
[Correct] [Pattern        286] Golden answer:    45962, Your answer:    45962
[Correct] [Pattern        287] Golden answer:   -64425, Your answer:   -64425
[Correct] [Pattern        288] Golden answer:  -143308, Your answer:  -143308
[Correct] [Pattern        289] Golden answer:  -224297, Your answer:  -224297
[Correct] [Pattern        290] Golden answer:  -348574, Your answer:  -348574
[Correct] [Pattern        291] Golden answer:  -453256, Your answer:  -453256
[Correct] [Pattern        292] Golden answer:  -425057, Your answer:  -425057
[Correct] [Pattern        293] Golden answer:  -270130, Your answer:  -270130
[Correct] [Pattern        294] Golden answer:  -131279, Your answer:  -131279
[Correct] [Pattern        295] Golden answer:  -102132, Your answer:  -102132
[Correct] [Pattern        296] Golden answer:  -102562, Your answer:  -102562
[Correct] [Pattern        297] Golden answer:   -24798, Your answer:   -24798
[Correct] [Pattern        298] Golden answer:    81528, Your answer:    81528
[Correct] [Pattern        299] Golden answer:    63795, Your answer:    63795
[Correct] [Pattern        300] Golden answer:   -78538, Your answer:   -78538
[Correct] [Pattern        301] Golden answer:  -150800, Your answer:  -150800
[Correct] [Pattern        302] Golden answer:   -41954, Your answer:   -41954
[Correct] [Pattern        303] Golden answer:    95393, Your answer:    95393
[Correct] [Pattern        304] Golden answer:    40987, Your answer:    40987
[Correct] [Pattern        305] Golden answer:  -184076, Your answer:  -184076
[Correct] [Pattern        306] Golden answer:  -311762, Your answer:  -311762
[Correct] [Pattern        307] Golden answer:  -150254, Your answer:  -150254
[Correct] [Pattern        308] Golden answer:   198577, Your answer:   198577
[Correct] [Pattern        309] Golden answer:   445020, Your answer:   445020
[Correct] [Pattern        310] Golden answer:   392040, Your answer:   392040
[Correct] [Pattern        311] Golden answer:   106330, Your answer:   106330
[Correct] [Pattern        312] Golden answer:  -166511, Your answer:  -166511
[Correct] [Pattern        313] Golden answer:  -230152, Your answer:  -230152
[Correct] [Pattern        314] Golden answer:   -96111, Your answer:   -96111
[Correct] [Pattern        315] Golden answer:    77733, Your answer:    77733
[Correct] [Pattern        316] Golden answer:   182775, Your answer:   182775
[Correct] [Pattern        317] Golden answer:   254339, Your answer:   254339
[Correct] [Pattern        318] Golden answer:   337933, Your answer:   337933
[Correct] [Pattern        319] Golden answer:   354543, Your answer:   354543
[Correct] [Pattern        320] Golden answer:   171354, Your answer:   171354
[Correct] [Pattern        321] Golden answer:  -167625, Your answer:  -167625
[Correct] [Pattern        322] Golden answer:  -400737, Your answer:  -400737
[Correct] [Pattern        323] Golden answer:  -315471, Your answer:  -315471
[Correct] [Pattern        324] Golden answer:     4294, Your answer:     4294
[Correct] [Pattern        325] Golden answer:   280432, Your answer:   280432
[Correct] [Pattern        326] Golden answer:   345782, Your answer:   345782
[Correct] [Pattern        327] Golden answer:   269564, Your answer:   269564
[Correct] [Pattern        328] Golden answer:   185054, Your answer:   185054
[Correct] [Pattern        329] Golden answer:   107752, Your answer:   107752
[Correct] [Pattern        330] Golden answer:     8660, Your answer:     8660
[Correct] [Pattern        331] Golden answer:   -59994, Your answer:   -59994
[Correct] [Pattern        332] Golden answer:   -34038, Your answer:   -34038
[Correct] [Pattern        333] Golden answer:    21183, Your answer:    21183
[Correct] [Pattern        334] Golden answer:   -31823, Your answer:   -31823
[Correct] [Pattern        335] Golden answer:  -196147, Your answer:  -196147
[Correct] [Pattern        336] Golden answer:  -273982, Your answer:  -273982
[Correct] [Pattern        337] Golden answer:  -103388, Your answer:  -103388
[Correct] [Pattern        338] Golden answer:   212795, Your answer:   212795
[Correct] [Pattern        339] Golden answer:   386284, Your answer:   386284
[Correct] [Pattern        340] Golden answer:   259200, Your answer:   259200
[Correct] [Pattern        341] Golden answer:   -38501, Your answer:   -38501
[Correct] [Pattern        342] Golden answer:  -221286, Your answer:  -221286
[Correct] [Pattern        343] Golden answer:  -146683, Your answer:  -146683
[Correct] [Pattern        344] Golden answer:    61950, Your answer:    61950
[Correct] [Pattern        345] Golden answer:   180369, Your answer:   180369
[Correct] [Pattern        346] Golden answer:   135581, Your answer:   135581
[Correct] [Pattern        347] Golden answer:    65163, Your answer:    65163
[Correct] [Pattern        348] Golden answer:   135821, Your answer:   135821
[Correct] [Pattern        349] Golden answer:   344465, Your answer:   344465
[Correct] [Pattern        350] Golden answer:   520197, Your answer:   520197
[Correct] [Pattern        351] Golden answer:   496361, Your answer:   496361
[Correct] [Pattern        352] Golden answer:   263057, Your answer:   263057
[Correct] [Pattern        353] Golden answer:   -21479, Your answer:   -21479
[Correct] [Pattern        354] Golden answer:  -158033, Your answer:  -158033
[Correct] [Pattern        355] Golden answer:   -66450, Your answer:   -66450
[Correct] [Pattern        356] Golden answer:   126826, Your answer:   126826
[Correct] [Pattern        357] Golden answer:   203891, Your answer:   203891
[Correct] [Pattern        358] Golden answer:    80603, Your answer:    80603
[Correct] [Pattern        359] Golden answer:  -106170, Your answer:  -106170
[Correct] [Pattern        360] Golden answer:  -166298, Your answer:  -166298
[Correct] [Pattern        361] Golden answer:   -94900, Your answer:   -94900
[Correct] [Pattern        362] Golden answer:   -69610, Your answer:   -69610
[Correct] [Pattern        363] Golden answer:  -176867, Your answer:  -176867
[Correct] [Pattern        364] Golden answer:  -255659, Your answer:  -255659
[Correct] [Pattern        365] Golden answer:  -119547, Your answer:  -119547
[Correct] [Pattern        366] Golden answer:   142394, Your answer:   142394
[Correct] [Pattern        367] Golden answer:   246888, Your answer:   246888
[Correct] [Pattern        368] Golden answer:    93107, Your answer:    93107
[Correct] [Pattern        369] Golden answer:   -90425, Your answer:   -90425
[Correct] [Pattern        370] Golden answer:   -44217, Your answer:   -44217
[Correct] [Pattern        371] Golden answer:   207724, Your answer:   207724
[Correct] [Pattern        372] Golden answer:   430918, Your answer:   430918
[Correct] [Pattern        373] Golden answer:   467559, Your answer:   467559
[Correct] [Pattern        374] Golden answer:   374442, Your answer:   374442
[Correct] [Pattern        375] Golden answer:   284176, Your answer:   284176
[Correct] [Pattern        376] Golden answer:   269902, Your answer:   269902
[Correct] [Pattern        377] Golden answer:   327240, Your answer:   327240
[Correct] [Pattern        378] Golden answer:   405775, Your answer:   405775
[Correct] [Pattern        379] Golden answer:   415130, Your answer:   415130
[Correct] [Pattern        380] Golden answer:   302647, Your answer:   302647
[Correct] [Pattern        381] Golden answer:   130792, Your answer:   130792
[Correct] [Pattern        382] Golden answer:    18820, Your answer:    18820
[Correct] [Pattern        383] Golden answer:    -8936, Your answer:    -8936
[Correct] [Pattern        384] Golden answer:   -36911, Your answer:   -36911
[Correct] [Pattern        385] Golden answer:  -115612, Your answer:  -115612
[Correct] [Pattern        386] Golden answer:  -150692, Your answer:  -150692
[Correct] [Pattern        387] Golden answer:   -25155, Your answer:   -25155
[Correct] [Pattern        388] Golden answer:   206997, Your answer:   206997
[Correct] [Pattern        389] Golden answer:   350553, Your answer:   350553
[Correct] [Pattern        390] Golden answer:   288048, Your answer:   288048
[Correct] [Pattern        391] Golden answer:   121622, Your answer:   121622
[Correct] [Pattern        392] Golden answer:    49556, Your answer:    49556
[Correct] [Pattern        393] Golden answer:   127695, Your answer:   127695
[Correct] [Pattern        394] Golden answer:   213559, Your answer:   213559
[Correct] [Pattern        395] Golden answer:   153336, Your answer:   153336
[Correct] [Pattern        396] Golden answer:   -14575, Your answer:   -14575
[Correct] [Pattern        397] Golden answer:   -98370, Your answer:   -98370
[Correct] [Pattern        398] Golden answer:     7536, Your answer:     7536
[Correct] [Pattern        399] Golden answer:   186257, Your answer:   186257
[Correct] [Pattern        400] Golden answer:   224392, Your answer:   224392
[Correct] [Pattern        401] Golden answer:    54845, Your answer:    54845
[Correct] [Pattern        402] Golden answer:  -179148, Your answer:  -179148
[Correct] [Pattern        403] Golden answer:  -255623, Your answer:  -255623
[Correct] [Pattern        404] Golden answer:   -78033, Your answer:   -78033
[Correct] [Pattern        405] Golden answer:   215318, Your answer:   215318
[Correct] [Pattern        406] Golden answer:   366603, Your answer:   366603
[Correct] [Pattern        407] Golden answer:   232147, Your answer:   232147
[Correct] [Pattern        408] Golden answer:   -77596, Your answer:   -77596
[Correct] [Pattern        409] Golden answer:  -274349, Your answer:  -274349
[Correct] [Pattern        410] Golden answer:  -166323, Your answer:  -166323
[Correct] [Pattern        411] Golden answer:   130333, Your answer:   130333
[Correct] [Pattern        412] Golden answer:   297791, Your answer:   297791
[Correct] [Pattern        413] Golden answer:   155819, Your answer:   155819
[Correct] [Pattern        414] Golden answer:  -153685, Your answer:  -153685
[Correct] [Pattern        415] Golden answer:  -351927, Your answer:  -351927
[Correct] [Pattern        416] Golden answer:  -321878, Your answer:  -321878
[Correct] [Pattern        417] Golden answer:  -172023, Your answer:  -172023
[Correct] [Pattern        418] Golden answer:   -40386, Your answer:   -40386
[Correct] [Pattern        419] Golden answer:    36082, Your answer:    36082
[Correct] [Pattern        420] Golden answer:    66655, Your answer:    66655
[Correct] [Pattern        421] Golden answer:    25114, Your answer:    25114
[Correct] [Pattern        422] Golden answer:   -98726, Your answer:   -98726
[Correct] [Pattern        423] Golden answer:  -208700, Your answer:  -208700
[Correct] [Pattern        424] Golden answer:  -167303, Your answer:  -167303
[Correct] [Pattern        425] Golden answer:    40989, Your answer:    40989
[Correct] [Pattern        426] Golden answer:   259265, Your answer:   259265
[Correct] [Pattern        427] Golden answer:   321945, Your answer:   321945
[Correct] [Pattern        428] Golden answer:   226521, Your answer:   226521
[Correct] [Pattern        429] Golden answer:   118856, Your answer:   118856
[Correct] [Pattern        430] Golden answer:   129760, Your answer:   129760
[Correct] [Pattern        431] Golden answer:   235102, Your answer:   235102
[Correct] [Pattern        432] Golden answer:   290050, Your answer:   290050
[Correct] [Pattern        433] Golden answer:   191789, Your answer:   191789
[Correct] [Pattern        434] Golden answer:    -2413, Your answer:    -2413
[Correct] [Pattern        435] Golden answer:  -124788, Your answer:  -124788
[Correct] [Pattern        436] Golden answer:   -65063, Your answer:   -65063
[Correct] [Pattern        437] Golden answer:   116649, Your answer:   116649
[Correct] [Pattern        438] Golden answer:   235960, Your answer:   235960
[Correct] [Pattern        439] Golden answer:   170514, Your answer:   170514
[Correct] [Pattern        440] Golden answer:   -18134, Your answer:   -18134
[Correct] [Pattern        441] Golden answer:  -147725, Your answer:  -147725
[Correct] [Pattern        442] Golden answer:   -92673, Your answer:   -92673
[Correct] [Pattern        443] Golden answer:    97910, Your answer:    97910
[Correct] [Pattern        444] Golden answer:   235097, Your answer:   235097
[Correct] [Pattern        445] Golden answer:   187200, Your answer:   187200
[Correct] [Pattern        446] Golden answer:    15389, Your answer:    15389
[Correct] [Pattern        447] Golden answer:   -90987, Your answer:   -90987
[Correct] [Pattern        448] Golden answer:    -8275, Your answer:    -8275
[Correct] [Pattern        449] Golden answer:   189183, Your answer:   189183
[Correct] [Pattern        450] Golden answer:   301028, Your answer:   301028
[Correct] [Pattern        451] Golden answer:   194303, Your answer:   194303
[Correct] [Pattern        452] Golden answer:   -75177, Your answer:   -75177
[Correct] [Pattern        453] Golden answer:  -315373, Your answer:  -315373
[Correct] [Pattern        454] Golden answer:  -358953, Your answer:  -358953
[Correct] [Pattern        455] Golden answer:  -188505, Your answer:  -188505
[Correct] [Pattern        456] Golden answer:    71217, Your answer:    71217
[Correct] [Pattern        457] Golden answer:   240166, Your answer:   240166
[Correct] [Pattern        458] Golden answer:   195020, Your answer:   195020
[Correct] [Pattern        459] Golden answer:   -42214, Your answer:   -42214
[Correct] [Pattern        460] Golden answer:  -308614, Your answer:  -308614
[Correct] [Pattern        461] Golden answer:  -431885, Your answer:  -431885
[Correct] [Pattern        462] Golden answer:  -396239, Your answer:  -396239
[Correct] [Pattern        463] Golden answer:  -343603, Your answer:  -343603
[Correct] [Pattern        464] Golden answer:  -381761, Your answer:  -381761
[Correct] [Pattern        465] Golden answer:  -436212, Your answer:  -436212
[Correct] [Pattern        466] Golden answer:  -374537, Your answer:  -374537
[Correct] [Pattern        467] Golden answer:  -242106, Your answer:  -242106
[Correct] [Pattern        468] Golden answer:  -223603, Your answer:  -223603
[Correct] [Pattern        469] Golden answer:  -354036, Your answer:  -354036
[Correct] [Pattern        470] Golden answer:  -427067, Your answer:  -427067
[Correct] [Pattern        471] Golden answer:  -290295, Your answer:  -290295
[Correct] [Pattern        472] Golden answer:   -90629, Your answer:   -90629
[Correct] [Pattern        473] Golden answer:   -70029, Your answer:   -70029
[Correct] [Pattern        474] Golden answer:  -216641, Your answer:  -216641
[Correct] [Pattern        475] Golden answer:  -304036, Your answer:  -304036
[Correct] [Pattern        476] Golden answer:  -236788, Your answer:  -236788
[Correct] [Pattern        477] Golden answer:  -148435, Your answer:  -148435
[Correct] [Pattern        478] Golden answer:  -135295, Your answer:  -135295
[Correct] [Pattern        479] Golden answer:   -83965, Your answer:   -83965
[Correct] [Pattern        480] Golden answer:   103980, Your answer:   103980
[Correct] [Pattern        481] Golden answer:   294417, Your answer:   294417
[Correct] [Pattern        482] Golden answer:   283823, Your answer:   283823
[Correct] [Pattern        483] Golden answer:   111824, Your answer:   111824
[Correct] [Pattern        484] Golden answer:    34619, Your answer:    34619
[Correct] [Pattern        485] Golden answer:   170294, Your answer:   170294
[Correct] [Pattern        486] Golden answer:   340970, Your answer:   340970
[Correct] [Pattern        487] Golden answer:   318910, Your answer:   318910
[Correct] [Pattern        488] Golden answer:   109560, Your answer:   109560
[Correct] [Pattern        489] Golden answer:   -90848, Your answer:   -90848
[Correct] [Pattern        490] Golden answer:  -142659, Your answer:  -142659
[Correct] [Pattern        491] Golden answer:   -75215, Your answer:   -75215
[Correct] [Pattern        492] Golden answer:     4052, Your answer:     4052
[Correct] [Pattern        493] Golden answer:    28497, Your answer:    28497
[Correct] [Pattern        494] Golden answer:    25377, Your answer:    25377
[Correct] [Pattern        495] Golden answer:    60464, Your answer:    60464
[Correct] [Pattern        496] Golden answer:   126551, Your answer:   126551
[Correct] [Pattern        497] Golden answer:    98502, Your answer:    98502
[Correct] [Pattern        498] Golden answer:  -127649, Your answer:  -127649
[Correct] [Pattern        499] Golden answer:  -432289, Your answer:  -432289
[Correct] [Pattern        500] Golden answer:   504662, Your answer:   504662
[Correct] [Pattern        501] Golden answer:  -379792, Your answer:  -379792
[Correct] [Pattern        502] Golden answer:  -189541, Your answer:  -189541
[Correct] [Pattern        503] Golden answer:  -239995, Your answer:  -239995
[Correct] [Pattern        504] Golden answer:  -444986, Your answer:  -444986
[Correct] [Pattern        505] Golden answer:  -471020, Your answer:  -471020
[Correct] [Pattern        506] Golden answer:  -187211, Your answer:  -187211
[Correct] [Pattern        507] Golden answer:   160530, Your answer:   160530
[Correct] [Pattern        508] Golden answer:   268224, Your answer:   268224
[Correct] [Pattern        509] Golden answer:   134051, Your answer:   134051
[Correct] [Pattern        510] Golden answer:     4156, Your answer:     4156
[Correct] [Pattern        511] Golden answer:    28964, Your answer:    28964
[Correct] [Pattern        512] Golden answer:    96133, Your answer:    96133
[Correct] [Pattern        513] Golden answer:    12748, Your answer:    12748
[Correct] [Pattern        514] Golden answer:  -228487, Your answer:  -228487
[Correct] [Pattern        515] Golden answer:  -409917, Your answer:  -409917
[Correct] [Pattern        516] Golden answer:  -326597, Your answer:  -326597
[Correct] [Pattern        517] Golden answer:   -30462, Your answer:   -30462
[Correct] [Pattern        518] Golden answer:   228614, Your answer:   228614
[Correct] [Pattern        519] Golden answer:   307271, Your answer:   307271
[Correct] [Pattern        520] Golden answer:   305144, Your answer:   305144
[Correct] [Pattern        521] Golden answer:   336081, Your answer:   336081
[Correct] [Pattern        522] Golden answer:   322765, Your answer:   322765
[Correct] [Pattern        523] Golden answer:   127579, Your answer:   127579
[Correct] [Pattern        524] Golden answer:  -163900, Your answer:  -163900
[Correct] [Pattern        525] Golden answer:  -283231, Your answer:  -283231
[Correct] [Pattern        526] Golden answer:  -139092, Your answer:  -139092
[Correct] [Pattern        527] Golden answer:    54371, Your answer:    54371
[Correct] [Pattern        528] Golden answer:   108919, Your answer:   108919
[Correct] [Pattern        529] Golden answer:   125710, Your answer:   125710
[Correct] [Pattern        530] Golden answer:   265977, Your answer:   265977
[Correct] [Pattern        531] Golden answer:   402592, Your answer:   402592
[Correct] [Pattern        532] Golden answer:   250130, Your answer:   250130
[Correct] [Pattern        533] Golden answer:  -166127, Your answer:  -166127
[Correct] [Pattern        534] Golden answer:  -440003, Your answer:  -440003
[Correct] [Pattern        535] Golden answer:  -294471, Your answer:  -294471
[Correct] [Pattern        536] Golden answer:    50236, Your answer:    50236
[Correct] [Pattern        537] Golden answer:   181226, Your answer:   181226
[Correct] [Pattern        538] Golden answer:     2645, Your answer:     2645
[Correct] [Pattern        539] Golden answer:  -216881, Your answer:  -216881
[Correct] [Pattern        540] Golden answer:  -222568, Your answer:  -222568
[Correct] [Pattern        541] Golden answer:   -31131, Your answer:   -31131
[Correct] [Pattern        542] Golden answer:   165927, Your answer:   165927
[Correct] [Pattern        543] Golden answer:   209460, Your answer:   209460
[Correct] [Pattern        544] Golden answer:    70884, Your answer:    70884
[Correct] [Pattern        545] Golden answer:  -128957, Your answer:  -128957
[Correct] [Pattern        546] Golden answer:  -190702, Your answer:  -190702
[Correct] [Pattern        547] Golden answer:   -17486, Your answer:   -17486
[Correct] [Pattern        548] Golden answer:   235095, Your answer:   235095
[Correct] [Pattern        549] Golden answer:   313722, Your answer:   313722
[Correct] [Pattern        550] Golden answer:   178278, Your answer:   178278
[Correct] [Pattern        551] Golden answer:    28420, Your answer:    28420
[Correct] [Pattern        552] Golden answer:     -503, Your answer:     -503
[Correct] [Pattern        553] Golden answer:   -42154, Your answer:   -42154
[Correct] [Pattern        554] Golden answer:  -264909, Your answer:  -264909
[Correct] [Pattern        555] Golden answer:   498208, Your answer:   498208
[Correct] [Pattern        556] Golden answer:   471907, Your answer:   471907
[Correct] [Pattern        557] Golden answer:  -239103, Your answer:  -239103
[Correct] [Pattern        558] Golden answer:   216199, Your answer:   216199
[Correct] [Pattern        559] Golden answer:   482474, Your answer:   482474
[Correct] [Pattern        560] Golden answer:   509506, Your answer:   509506
[Correct] [Pattern        561] Golden answer:   433877, Your answer:   433877
[Correct] [Pattern        562] Golden answer:   318539, Your answer:   318539
[Correct] [Pattern        563] Golden answer:   123808, Your answer:   123808
[Correct] [Pattern        564] Golden answer:  -100064, Your answer:  -100064
[Correct] [Pattern        565] Golden answer:  -166812, Your answer:  -166812
[Correct] [Pattern        566] Golden answer:    19518, Your answer:    19518
[Correct] [Pattern        567] Golden answer:   290597, Your answer:   290597
[Correct] [Pattern        568] Golden answer:   361945, Your answer:   361945
[Correct] [Pattern        569] Golden answer:   132180, Your answer:   132180
[Correct] [Pattern        570] Golden answer:  -204065, Your answer:  -204065
[Correct] [Pattern        571] Golden answer:  -356770, Your answer:  -356770
[Correct] [Pattern        572] Golden answer:  -224637, Your answer:  -224637
[Correct] [Pattern        573] Golden answer:    30798, Your answer:    30798
[Correct] [Pattern        574] Golden answer:   156769, Your answer:   156769
[Correct] [Pattern        575] Golden answer:    64728, Your answer:    64728
[Correct] [Pattern        576] Golden answer:   -89762, Your answer:   -89762
[Correct] [Pattern        577] Golden answer:   -96421, Your answer:   -96421
[Correct] [Pattern        578] Golden answer:    83400, Your answer:    83400
[Correct] [Pattern        579] Golden answer:   291769, Your answer:   291769
[Correct] [Pattern        580] Golden answer:   376016, Your answer:   376016
[Correct] [Pattern        581] Golden answer:   356071, Your answer:   356071
[Correct] [Pattern        582] Golden answer:   345194, Your answer:   345194
[Correct] [Pattern        583] Golden answer:   341782, Your answer:   341782
[Correct] [Pattern        584] Golden answer:   210255, Your answer:   210255
[Correct] [Pattern        585] Golden answer:   -93575, Your answer:   -93575
[Correct] [Pattern        586] Golden answer:  -385519, Your answer:  -385519
[Correct] [Pattern        587] Golden answer:  -470889, Your answer:  -470889
[Correct] [Pattern        588] Golden answer:  -387553, Your answer:  -387553
[Correct] [Pattern        589] Golden answer:  -331868, Your answer:  -331868
[Correct] [Pattern        590] Golden answer:  -354964, Your answer:  -354964
[Correct] [Pattern        591] Golden answer:  -305084, Your answer:  -305084
[Correct] [Pattern        592] Golden answer:   -91611, Your answer:   -91611
[Correct] [Pattern        593] Golden answer:   119075, Your answer:   119075
[Correct] [Pattern        594] Golden answer:   128733, Your answer:   128733
[Correct] [Pattern        595] Golden answer:   -17566, Your answer:   -17566
[Correct] [Pattern        596] Golden answer:  -109752, Your answer:  -109752
[Correct] [Pattern        597] Golden answer:   -79500, Your answer:   -79500
[Correct] [Pattern        598] Golden answer:   -60367, Your answer:   -60367
[Correct] [Pattern        599] Golden answer:  -136126, Your answer:  -136126
[Correct] [Pattern        600] Golden answer:  -202671, Your answer:  -202671
[Correct] [Pattern        601] Golden answer:  -149073, Your answer:  -149073
[Correct] [Pattern        602] Golden answer:   -59546, Your answer:   -59546
[Correct] [Pattern        603] Golden answer:   -91655, Your answer:   -91655
[Correct] [Pattern        604] Golden answer:  -210716, Your answer:  -210716
[Correct] [Pattern        605] Golden answer:  -226904, Your answer:  -226904
[Correct] [Pattern        606] Golden answer:   -72421, Your answer:   -72421
[Correct] [Pattern        607] Golden answer:    77338, Your answer:    77338
[Correct] [Pattern        608] Golden answer:    22955, Your answer:    22955
[Correct] [Pattern        609] Golden answer:  -204775, Your answer:  -204775
[Correct] [Pattern        610] Golden answer:  -389415, Your answer:  -389415
[Correct] [Pattern        611] Golden answer:  -404319, Your answer:  -404319
[Correct] [Pattern        612] Golden answer:  -327639, Your answer:  -327639
[Correct] [Pattern        613] Golden answer:  -289184, Your answer:  -289184
[Correct] [Pattern        614] Golden answer:  -273371, Your answer:  -273371
[Correct] [Pattern        615] Golden answer:  -163964, Your answer:  -163964
[Correct] [Pattern        616] Golden answer:    50963, Your answer:    50963
[Correct] [Pattern        617] Golden answer:   208659, Your answer:   208659
[Correct] [Pattern        618] Golden answer:   180393, Your answer:   180393
[Correct] [Pattern        619] Golden answer:    54145, Your answer:    54145
[Correct] [Pattern        620] Golden answer:    37996, Your answer:    37996
[Correct] [Pattern        621] Golden answer:   163662, Your answer:   163662
[Correct] [Pattern        622] Golden answer:   218603, Your answer:   218603
[Correct] [Pattern        623] Golden answer:    47278, Your answer:    47278
[Correct] [Pattern        624] Golden answer:  -170253, Your answer:  -170253
[Correct] [Pattern        625] Golden answer:  -105720, Your answer:  -105720
[Correct] [Pattern        626] Golden answer:   281087, Your answer:   281087
[Correct] [Pattern        627] Golden answer:  -432143, Your answer:  -432143
[Correct] [Pattern        628] Golden answer:  -518865, Your answer:  -518865
[Correct] [Pattern        629] Golden answer:    66435, Your answer:    66435
[Correct] [Pattern        630] Golden answer:  -382005, Your answer:  -382005
[Correct] [Pattern        631] Golden answer:  -516360, Your answer:  -516360
[Correct] [Pattern        632] Golden answer:  -383014, Your answer:  -383014
[Correct] [Pattern        633] Golden answer:  -212827, Your answer:  -212827
[Correct] [Pattern        634] Golden answer:  -136406, Your answer:  -136406
[Correct] [Pattern        635] Golden answer:   -95418, Your answer:   -95418
[Correct] [Pattern        636] Golden answer:    -2450, Your answer:    -2450
[Correct] [Pattern        637] Golden answer:   116992, Your answer:   116992
[Correct] [Pattern        638] Golden answer:   159691, Your answer:   159691
[Correct] [Pattern        639] Golden answer:    75468, Your answer:    75468
[Correct] [Pattern        640] Golden answer:   -54453, Your answer:   -54453
[Correct] [Pattern        641] Golden answer:   -96109, Your answer:   -96109
[Correct] [Pattern        642] Golden answer:    14526, Your answer:    14526
[Correct] [Pattern        643] Golden answer:   208856, Your answer:   208856
[Correct] [Pattern        644] Golden answer:   350306, Your answer:   350306
[Correct] [Pattern        645] Golden answer:   353987, Your answer:   353987
[Correct] [Pattern        646] Golden answer:   247025, Your answer:   247025
[Correct] [Pattern        647] Golden answer:   118877, Your answer:   118877
[Correct] [Pattern        648] Golden answer:    16347, Your answer:    16347
[Correct] [Pattern        649] Golden answer:   -89442, Your answer:   -89442
[Correct] [Pattern        650] Golden answer:  -234355, Your answer:  -234355
[Correct] [Pattern        651] Golden answer:  -366813, Your answer:  -366813
[Correct] [Pattern        652] Golden answer:  -376953, Your answer:  -376953
[Correct] [Pattern        653] Golden answer:  -238268, Your answer:  -238268
[Correct] [Pattern        654] Golden answer:   -71264, Your answer:   -71264
[Correct] [Pattern        655] Golden answer:   -47755, Your answer:   -47755
[Correct] [Pattern        656] Golden answer:  -206037, Your answer:  -206037
[Correct] [Pattern        657] Golden answer:  -407732, Your answer:  -407732
[Correct] [Pattern        658] Golden answer:  -506929, Your answer:  -506929
[Correct] [Pattern        659] Golden answer:  -483965, Your answer:  -483965
[Correct] [Pattern        660] Golden answer:  -386069, Your answer:  -386069
[Correct] [Pattern        661] Golden answer:  -209118, Your answer:  -209118
[Correct] [Pattern        662] Golden answer:    81415, Your answer:    81415
[Correct] [Pattern        663] Golden answer:   383693, Your answer:   383693
[Correct] [Pattern        664] Golden answer:   483718, Your answer:   483718
[Correct] [Pattern        665] Golden answer:   283947, Your answer:   283947
[Correct] [Pattern        666] Golden answer:   -59669, Your answer:   -59669
[Correct] [Pattern        667] Golden answer:  -300844, Your answer:  -300844
[Correct] [Pattern        668] Golden answer:  -357299, Your answer:  -357299
[Correct] [Pattern        669] Golden answer:  -302903, Your answer:  -302903
[Correct] [Pattern        670] Golden answer:  -200903, Your answer:  -200903
[Correct] [Pattern        671] Golden answer:   -51828, Your answer:   -51828
[Correct] [Pattern        672] Golden answer:    84164, Your answer:    84164
[Correct] [Pattern        673] Golden answer:    83576, Your answer:    83576
[Correct] [Pattern        674] Golden answer:   -72235, Your answer:   -72235
[Correct] [Pattern        675] Golden answer:  -236743, Your answer:  -236743
[Correct] [Pattern        676] Golden answer:  -267118, Your answer:  -267118
[Correct] [Pattern        677] Golden answer:  -190186, Your answer:  -190186
[Correct] [Pattern        678] Golden answer:   -98019, Your answer:   -98019
[Correct] [Pattern        679] Golden answer:    34185, Your answer:    34185
[Correct] [Pattern        680] Golden answer:   259936, Your answer:   259936
[Correct] [Pattern        681] Golden answer:   451387, Your answer:   451387
[Correct] [Pattern        682] Golden answer:   374024, Your answer:   374024
[Correct] [Pattern        683] Golden answer:    48295, Your answer:    48295
[Correct] [Pattern        684] Golden answer:  -152848, Your answer:  -152848
[Correct] [Pattern        685] Golden answer:    58439, Your answer:    58439
[Correct] [Pattern        686] Golden answer:   462168, Your answer:   462168
[Correct] [Pattern        687] Golden answer:  -476899, Your answer:  -476899
[Correct] [Pattern        688] Golden answer:   259457, Your answer:   259457
[Correct] [Pattern        689] Golden answer:   -94728, Your answer:   -94728
[Correct] [Pattern        690] Golden answer:  -120538, Your answer:  -120538
[Correct] [Pattern        691] Golden answer:    83968, Your answer:    83968
[Correct] [Pattern        692] Golden answer:   174402, Your answer:   174402
[Correct] [Pattern        693] Golden answer:    97572, Your answer:    97572
[Correct] [Pattern        694] Golden answer:   114637, Your answer:   114637
[Correct] [Pattern        695] Golden answer:   335055, Your answer:   335055
[Correct] [Pattern        696] Golden answer:   497092, Your answer:   497092
[Correct] [Pattern        697] Golden answer:   336242, Your answer:   336242
[Correct] [Pattern        698] Golden answer:   -10360, Your answer:   -10360
[Correct] [Pattern        699] Golden answer:  -170854, Your answer:  -170854
[Correct] [Pattern        700] Golden answer:   -26626, Your answer:   -26626
[Correct] [Pattern        701] Golden answer:   184295, Your answer:   184295
[Correct] [Pattern        702] Golden answer:   238823, Your answer:   238823
[Correct] [Pattern        703] Golden answer:   194006, Your answer:   194006
[Correct] [Pattern        704] Golden answer:   191348, Your answer:   191348
[Correct] [Pattern        705] Golden answer:   190594, Your answer:   190594
[Correct] [Pattern        706] Golden answer:    73040, Your answer:    73040
[Correct] [Pattern        707] Golden answer:   -76281, Your answer:   -76281
[Correct] [Pattern        708] Golden answer:   -20902, Your answer:   -20902
[Correct] [Pattern        709] Golden answer:   239491, Your answer:   239491
[Correct] [Pattern        710] Golden answer:   361625, Your answer:   361625
[Correct] [Pattern        711] Golden answer:    86176, Your answer:    86176
[Correct] [Pattern        712] Golden answer:  -356198, Your answer:  -356198
[Correct] [Pattern        713] Golden answer:  -487045, Your answer:  -487045
[Correct] [Pattern        714] Golden answer:  -172327, Your answer:  -172327
[Correct] [Pattern        715] Golden answer:   211476, Your answer:   211476
[Correct] [Pattern        716] Golden answer:   249100, Your answer:   249100
[Correct] [Pattern        717] Golden answer:    -8793, Your answer:    -8793
[Correct] [Pattern        718] Golden answer:  -154944, Your answer:  -154944
[Correct] [Pattern        719] Golden answer:    24426, Your answer:    24426
[Correct] [Pattern        720] Golden answer:   320431, Your answer:   320431
[Correct] [Pattern        721] Golden answer:   409451, Your answer:   409451
[Correct] [Pattern        722] Golden answer:   242590, Your answer:   242590
[Correct] [Pattern        723] Golden answer:    37710, Your answer:    37710
[Correct] [Pattern        724] Golden answer:   -30595, Your answer:   -30595
[Correct] [Pattern        725] Golden answer:    -5486, Your answer:    -5486
[Correct] [Pattern        726] Golden answer:    -2655, Your answer:    -2655
[Correct] [Pattern        727] Golden answer:   -48541, Your answer:   -48541
[Correct] [Pattern        728] Golden answer:  -100344, Your answer:  -100344
[Correct] [Pattern        729] Golden answer:  -138641, Your answer:  -138641
[Correct] [Pattern        730] Golden answer:  -182040, Your answer:  -182040
[Correct] [Pattern        731] Golden answer:  -237020, Your answer:  -237020
[Correct] [Pattern        732] Golden answer:  -257169, Your answer:  -257169
[Correct] [Pattern        733] Golden answer:  -178853, Your answer:  -178853
[Correct] [Pattern        734] Golden answer:    -3181, Your answer:    -3181
[Correct] [Pattern        735] Golden answer:   172167, Your answer:   172167
[Correct] [Pattern        736] Golden answer:   203855, Your answer:   203855
[Correct] [Pattern        737] Golden answer:    55364, Your answer:    55364
[Correct] [Pattern        738] Golden answer:  -150052, Your answer:  -150052
[Correct] [Pattern        739] Golden answer:  -258731, Your answer:  -258731
[Correct] [Pattern        740] Golden answer:  -245574, Your answer:  -245574
[Correct] [Pattern        741] Golden answer:  -209622, Your answer:  -209622
[Correct] [Pattern        742] Golden answer:  -194344, Your answer:  -194344
[Correct] [Pattern        743] Golden answer:  -119193, Your answer:  -119193
[Correct] [Pattern        744] Golden answer:    69850, Your answer:    69850
[Correct] [Pattern        745] Golden answer:   231325, Your answer:   231325
[Correct] [Pattern        746] Golden answer:   164034, Your answer:   164034
[Correct] [Pattern        747] Golden answer:  -113388, Your answer:  -113388
[Correct] [Pattern        748] Golden answer:  -337448, Your answer:  -337448
[Correct] [Pattern        749] Golden answer:  -294972, Your answer:  -294972
[Correct] [Pattern        750] Golden answer:   -48699, Your answer:   -48699
[Correct] [Pattern        751] Golden answer:   168630, Your answer:   168630
[Correct] [Pattern        752] Golden answer:   220885, Your answer:   220885
[Correct] [Pattern        753] Golden answer:   153011, Your answer:   153011
[Correct] [Pattern        754] Golden answer:    75534, Your answer:    75534
[Correct] [Pattern        755] Golden answer:    48507, Your answer:    48507
[Correct] [Pattern        756] Golden answer:    92551, Your answer:    92551
[Correct] [Pattern        757] Golden answer:   186653, Your answer:   186653
[Correct] [Pattern        758] Golden answer:   231109, Your answer:   231109
[Correct] [Pattern        759] Golden answer:   113952, Your answer:   113952
[Correct] [Pattern        760] Golden answer:  -128440, Your answer:  -128440
[Correct] [Pattern        761] Golden answer:  -271450, Your answer:  -271450
[Correct] [Pattern        762] Golden answer:  -119434, Your answer:  -119434
[Correct] [Pattern        763] Golden answer:   216541, Your answer:   216541
[Correct] [Pattern        764] Golden answer:   407814, Your answer:   407814
[Correct] [Pattern        765] Golden answer:   296567, Your answer:   296567
[Correct] [Pattern        766] Golden answer:    87790, Your answer:    87790
[Correct] [Pattern        767] Golden answer:    64539, Your answer:    64539
[Correct] [Pattern        768] Golden answer:   206776, Your answer:   206776
[Correct] [Pattern        769] Golden answer:   203706, Your answer:   203706
[Correct] [Pattern        770] Golden answer:  -107865, Your answer:  -107865
[Correct] [Pattern        771] Golden answer:  -478041, Your answer:  -478041
[Correct] [Pattern        772] Golden answer:  -512784, Your answer:  -512784
[Correct] [Pattern        773] Golden answer:  -155235, Your answer:  -155235
[Correct] [Pattern        774] Golden answer:   214968, Your answer:   214968
[Correct] [Pattern        775] Golden answer:   206888, Your answer:   206888
[Correct] [Pattern        776] Golden answer:  -143518, Your answer:  -143518
[Correct] [Pattern        777] Golden answer:  -436803, Your answer:  -436803
[Correct] [Pattern        778] Golden answer:  -378371, Your answer:  -378371
[Correct] [Pattern        779] Golden answer:   -86864, Your answer:   -86864
[Correct] [Pattern        780] Golden answer:    85394, Your answer:    85394
[Correct] [Pattern        781] Golden answer:   -22700, Your answer:   -22700
[Correct] [Pattern        782] Golden answer:  -218407, Your answer:  -218407
[Correct] [Pattern        783] Golden answer:  -229528, Your answer:  -229528
[Correct] [Pattern        784] Golden answer:   -72051, Your answer:   -72051
[Correct] [Pattern        785] Golden answer:    -1053, Your answer:    -1053
[Correct] [Pattern        786] Golden answer:  -120887, Your answer:  -120887
[Correct] [Pattern        787] Golden answer:  -220653, Your answer:  -220653
[Correct] [Pattern        788] Golden answer:   -55241, Your answer:   -55241
[Correct] [Pattern        789] Golden answer:   299331, Your answer:   299331
[Correct] [Pattern        790] Golden answer:   507858, Your answer:   507858
[Correct] [Pattern        791] Golden answer:   360323, Your answer:   360323
[Correct] [Pattern        792] Golden answer:   -18074, Your answer:   -18074
[Correct] [Pattern        793] Golden answer:  -344789, Your answer:  -344789
[Correct] [Pattern        794] Golden answer:  -463404, Your answer:  -463404
[Correct] [Pattern        795] Golden answer:  -414542, Your answer:  -414542
[Correct] [Pattern        796] Golden answer:  -309420, Your answer:  -309420
[Correct] [Pattern        797] Golden answer:  -210296, Your answer:  -210296
[Correct] [Pattern        798] Golden answer:  -128843, Your answer:  -128843
[Correct] [Pattern        799] Golden answer:   -79906, Your answer:   -79906
[Correct] [Pattern        800] Golden answer:   -83658, Your answer:   -83658
[Correct] [Pattern        801] Golden answer:  -153246, Your answer:  -153246
[Correct] [Pattern        802] Golden answer:  -249951, Your answer:  -249951
[Correct] [Pattern        803] Golden answer:  -264060, Your answer:  -264060
[Correct] [Pattern        804] Golden answer:   -93682, Your answer:   -93682
[Correct] [Pattern        805] Golden answer:   189654, Your answer:   189654
[Correct] [Pattern        806] Golden answer:   370579, Your answer:   370579
[Correct] [Pattern        807] Golden answer:   318951, Your answer:   318951
[Correct] [Pattern        808] Golden answer:   180528, Your answer:   180528
[Correct] [Pattern        809] Golden answer:   208228, Your answer:   208228
[Correct] [Pattern        810] Golden answer:   427671, Your answer:   427671
[Correct] [Pattern        811] Golden answer:  -464845, Your answer:  -464845
[Correct] [Pattern        812] Golden answer:   455668, Your answer:   455668
[Correct] [Pattern        813] Golden answer:   132145, Your answer:   132145
[Correct] [Pattern        814] Golden answer:  -113541, Your answer:  -113541
[Correct] [Pattern        815] Golden answer:  -133370, Your answer:  -133370
[Correct] [Pattern        816] Golden answer:   -13877, Your answer:   -13877
[Correct] [Pattern        817] Golden answer:    99222, Your answer:    99222
[Correct] [Pattern        818] Golden answer:   163047, Your answer:   163047
[Correct] [Pattern        819] Golden answer:   207521, Your answer:   207521
[Correct] [Pattern        820] Golden answer:   225598, Your answer:   225598
[Correct] [Pattern        821] Golden answer:   186362, Your answer:   186362
[Correct] [Pattern        822] Golden answer:   111507, Your answer:   111507
[Correct] [Pattern        823] Golden answer:    42512, Your answer:    42512
[Correct] [Pattern        824] Golden answer:   -23055, Your answer:   -23055
[Correct] [Pattern        825] Golden answer:  -121634, Your answer:  -121634
[Correct] [Pattern        826] Golden answer:  -248641, Your answer:  -248641
[Correct] [Pattern        827] Golden answer:  -336177, Your answer:  -336177
[Correct] [Pattern        828] Golden answer:  -317551, Your answer:  -317551
[Correct] [Pattern        829] Golden answer:  -179307, Your answer:  -179307
[Correct] [Pattern        830] Golden answer:    57056, Your answer:    57056
[Correct] [Pattern        831] Golden answer:   339872, Your answer:   339872
[Correct] [Pattern        832] Golden answer:  -494770, Your answer:  -494770
[Correct] [Pattern        833] Golden answer:  -463902, Your answer:  -463902
[Correct] [Pattern        834] Golden answer:   446684, Your answer:   446684
[Correct] [Pattern        835] Golden answer:   296790, Your answer:   296790
[Correct] [Pattern        836] Golden answer:   259835, Your answer:   259835
[Correct] [Pattern        837] Golden answer:   260399, Your answer:   260399
[Correct] [Pattern        838] Golden answer:   174525, Your answer:   174525
[Correct] [Pattern        839] Golden answer:    62117, Your answer:    62117
[Correct] [Pattern        840] Golden answer:   115884, Your answer:   115884
[Correct] [Pattern        841] Golden answer:   341220, Your answer:   341220
[Correct] [Pattern        842] Golden answer:   475624, Your answer:   475624
[Correct] [Pattern        843] Golden answer:   309609, Your answer:   309609
[Correct] [Pattern        844] Golden answer:   -13292, Your answer:   -13292
[Correct] [Pattern        845] Golden answer:  -177247, Your answer:  -177247
[Correct] [Pattern        846] Golden answer:   -86140, Your answer:   -86140
[Correct] [Pattern        847] Golden answer:    68449, Your answer:    68449
[Correct] [Pattern        848] Golden answer:   123619, Your answer:   123619
[Correct] [Pattern        849] Golden answer:   128793, Your answer:   128793
[Correct] [Pattern        850] Golden answer:   191702, Your answer:   191702
[Correct] [Pattern        851] Golden answer:   285805, Your answer:   285805
[Correct] [Pattern        852] Golden answer:   303766, Your answer:   303766
[Correct] [Pattern        853] Golden answer:   232560, Your answer:   232560
[Correct] [Pattern        854] Golden answer:   153613, Your answer:   153613
[Correct] [Pattern        855] Golden answer:   102198, Your answer:   102198
[Correct] [Pattern        856] Golden answer:    37600, Your answer:    37600
[Correct] [Pattern        857] Golden answer:   -49497, Your answer:   -49497
[Correct] [Pattern        858] Golden answer:  -110705, Your answer:  -110705
[Correct] [Pattern        859] Golden answer:  -119789, Your answer:  -119789
[Correct] [Pattern        860] Golden answer:   -89885, Your answer:   -89885
[Correct] [Pattern        861] Golden answer:   -37398, Your answer:   -37398
[Correct] [Pattern        862] Golden answer:    25044, Your answer:    25044
[Correct] [Pattern        863] Golden answer:    71364, Your answer:    71364
[Correct] [Pattern        864] Golden answer:    78037, Your answer:    78037
[Correct] [Pattern        865] Golden answer:    69401, Your answer:    69401
[Correct] [Pattern        866] Golden answer:    61640, Your answer:    61640
[Correct] [Pattern        867] Golden answer:     6840, Your answer:     6840
[Correct] [Pattern        868] Golden answer:  -146145, Your answer:  -146145
[Correct] [Pattern        869] Golden answer:  -305084, Your answer:  -305084
[Correct] [Pattern        870] Golden answer:  -297937, Your answer:  -297937
[Correct] [Pattern        871] Golden answer:  -127826, Your answer:  -127826
[Correct] [Pattern        872] Golden answer:   -10097, Your answer:   -10097
[Correct] [Pattern        873] Golden answer:   -87640, Your answer:   -87640
[Correct] [Pattern        874] Golden answer:  -194161, Your answer:  -194161
[Correct] [Pattern        875] Golden answer:   -95007, Your answer:   -95007
[Correct] [Pattern        876] Golden answer:   133215, Your answer:   133215
[Correct] [Pattern        877] Golden answer:   178013, Your answer:   178013
[Correct] [Pattern        878] Golden answer:   -49664, Your answer:   -49664
[Correct] [Pattern        879] Golden answer:  -251868, Your answer:  -251868
[Correct] [Pattern        880] Golden answer:  -159739, Your answer:  -159739
[Correct] [Pattern        881] Golden answer:    73500, Your answer:    73500
[Correct] [Pattern        882] Golden answer:   107402, Your answer:   107402
[Correct] [Pattern        883] Golden answer:   -95540, Your answer:   -95540
[Correct] [Pattern        884] Golden answer:  -259679, Your answer:  -259679
[Correct] [Pattern        885] Golden answer:  -246960, Your answer:  -246960
[Correct] [Pattern        886] Golden answer:  -248062, Your answer:  -248062
[Correct] [Pattern        887] Golden answer:  -417321, Your answer:  -417321
[Correct] [Pattern        888] Golden answer:   498974, Your answer:   498974
[Correct] [Pattern        889] Golden answer:  -329642, Your answer:  -329642
[Correct] [Pattern        890] Golden answer:   172272, Your answer:   172272
[Correct] [Pattern        891] Golden answer:   487324, Your answer:   487324
[Correct] [Pattern        892] Golden answer:   293824, Your answer:   293824
[Correct] [Pattern        893] Golden answer:  -205602, Your answer:  -205602
[Correct] [Pattern        894] Golden answer:   522993, Your answer:   522993
[Correct] [Pattern        895] Golden answer:  -424540, Your answer:  -424540
[Correct] [Pattern        896] Golden answer:   -84381, Your answer:   -84381
[Correct] [Pattern        897] Golden answer:   162241, Your answer:   162241
[Correct] [Pattern        898] Golden answer:   177525, Your answer:   177525
[Correct] [Pattern        899] Golden answer:    89769, Your answer:    89769
[Correct] [Pattern        900] Golden answer:    76072, Your answer:    76072
[Correct] [Pattern        901] Golden answer:   168851, Your answer:   168851
[Correct] [Pattern        902] Golden answer:   251924, Your answer:   251924
[Correct] [Pattern        903] Golden answer:   215861, Your answer:   215861
[Correct] [Pattern        904] Golden answer:    83773, Your answer:    83773
[Correct] [Pattern        905] Golden answer:   -14833, Your answer:   -14833
[Correct] [Pattern        906] Golden answer:    16428, Your answer:    16428
[Correct] [Pattern        907] Golden answer:   131509, Your answer:   131509
[Correct] [Pattern        908] Golden answer:   200952, Your answer:   200952
[Correct] [Pattern        909] Golden answer:   153219, Your answer:   153219
[Correct] [Pattern        910] Golden answer:    30428, Your answer:    30428
[Correct] [Pattern        911] Golden answer:   -83708, Your answer:   -83708
[Correct] [Pattern        912] Golden answer:  -132505, Your answer:  -132505
[Correct] [Pattern        913] Golden answer:   -93769, Your answer:   -93769
[Correct] [Pattern        914] Golden answer:    14681, Your answer:    14681
[Correct] [Pattern        915] Golden answer:   126894, Your answer:   126894
[Correct] [Pattern        916] Golden answer:   160387, Your answer:   160387
[Correct] [Pattern        917] Golden answer:    95383, Your answer:    95383
[Correct] [Pattern        918] Golden answer:     9290, Your answer:     9290
[Correct] [Pattern        919] Golden answer:   -20966, Your answer:   -20966
[Correct] [Pattern        920] Golden answer:   -36180, Your answer:   -36180
[Correct] [Pattern        921] Golden answer:  -135480, Your answer:  -135480
[Correct] [Pattern        922] Golden answer:  -313841, Your answer:  -313841
[Correct] [Pattern        923] Golden answer:  -442041, Your answer:  -442041
[Correct] [Pattern        924] Golden answer:  -427817, Your answer:  -427817
[Correct] [Pattern        925] Golden answer:  -325152, Your answer:  -325152
[Correct] [Pattern        926] Golden answer:  -218922, Your answer:  -218922
[Correct] [Pattern        927] Golden answer:   -70560, Your answer:   -70560
[Correct] [Pattern        928] Golden answer:   186641, Your answer:   186641
[Correct] [Pattern        929] Golden answer:   419657, Your answer:   419657
[Correct] [Pattern        930] Golden answer:   365768, Your answer:   365768
[Correct] [Pattern        931] Golden answer:    -6889, Your answer:    -6889
[Correct] [Pattern        932] Golden answer:  -356292, Your answer:  -356292
[Correct] [Pattern        933] Golden answer:  -314732, Your answer:  -314732
[Correct] [Pattern        934] Golden answer:    68084, Your answer:    68084
[Correct] [Pattern        935] Golden answer:   381575, Your answer:   381575
[Correct] [Pattern        936] Golden answer:   323044, Your answer:   323044
[Correct] [Pattern        937] Golden answer:     6481, Your answer:     6481
[Correct] [Pattern        938] Golden answer:  -214606, Your answer:  -214606
[Correct] [Pattern        939] Golden answer:  -142602, Your answer:  -142602
[Correct] [Pattern        940] Golden answer:   114957, Your answer:   114957
[Correct] [Pattern        941] Golden answer:   297899, Your answer:   297899
[Correct] [Pattern        942] Golden answer:   228980, Your answer:   228980
[Correct] [Pattern        943] Golden answer:   -36436, Your answer:   -36436
[Correct] [Pattern        944] Golden answer:  -263223, Your answer:  -263223
[Correct] [Pattern        945] Golden answer:  -268403, Your answer:  -268403
[Correct] [Pattern        946] Golden answer:  -122899, Your answer:  -122899
[Correct] [Pattern        947] Golden answer:   -55583, Your answer:   -55583
[Correct] [Pattern        948] Golden answer:  -151280, Your answer:  -151280
[Correct] [Pattern        949] Golden answer:  -241281, Your answer:  -241281
[Correct] [Pattern        950] Golden answer:  -166578, Your answer:  -166578
[Correct] [Pattern        951] Golden answer:   -36908, Your answer:   -36908
[Correct] [Pattern        952] Golden answer:   -75921, Your answer:   -75921
[Correct] [Pattern        953] Golden answer:  -275029, Your answer:  -275029
[Correct] [Pattern        954] Golden answer:  -379022, Your answer:  -379022
[Correct] [Pattern        955] Golden answer:  -231436, Your answer:  -231436
[Correct] [Pattern        956] Golden answer:    10263, Your answer:    10263
[Correct] [Pattern        957] Golden answer:    99468, Your answer:    99468
[Correct] [Pattern        958] Golden answer:    24212, Your answer:    24212
[Correct] [Pattern        959] Golden answer:   -30924, Your answer:   -30924
[Correct] [Pattern        960] Golden answer:    18230, Your answer:    18230
[Correct] [Pattern        961] Golden answer:    50112, Your answer:    50112
[Correct] [Pattern        962] Golden answer:   -47700, Your answer:   -47700
[Correct] [Pattern        963] Golden answer:  -198907, Your answer:  -198907
[Correct] [Pattern        964] Golden answer:  -248086, Your answer:  -248086
[Correct] [Pattern        965] Golden answer:  -179126, Your answer:  -179126
[Correct] [Pattern        966] Golden answer:  -115434, Your answer:  -115434
[Correct] [Pattern        967] Golden answer:  -131243, Your answer:  -131243
[Correct] [Pattern        968] Golden answer:  -161269, Your answer:  -161269
[Correct] [Pattern        969] Golden answer:  -112278, Your answer:  -112278
[Correct] [Pattern        970] Golden answer:    10355, Your answer:    10355
[Correct] [Pattern        971] Golden answer:   144872, Your answer:   144872
[Correct] [Pattern        972] Golden answer:   254052, Your answer:   254052
[Correct] [Pattern        973] Golden answer:   330277, Your answer:   330277
[Correct] [Pattern        974] Golden answer:   345153, Your answer:   345153
[Correct] [Pattern        975] Golden answer:   273156, Your answer:   273156
[Correct] [Pattern        976] Golden answer:   172803, Your answer:   172803
[Correct] [Pattern        977] Golden answer:   146984, Your answer:   146984
[Correct] [Pattern        978] Golden answer:   202762, Your answer:   202762
[Correct] [Pattern        979] Golden answer:   214553, Your answer:   214553
[Correct] [Pattern        980] Golden answer:    81282, Your answer:    81282
[Correct] [Pattern        981] Golden answer:  -122407, Your answer:  -122407
[Correct] [Pattern        982] Golden answer:  -223498, Your answer:  -223498
[Correct] [Pattern        983] Golden answer:  -148839, Your answer:  -148839
[Correct] [Pattern        984] Golden answer:   -14664, Your answer:   -14664
[Correct] [Pattern        985] Golden answer:    11966, Your answer:    11966
[Correct] [Pattern        986] Golden answer:  -122766, Your answer:  -122766
[Correct] [Pattern        987] Golden answer:  -342274, Your answer:  -342274
[Correct] [Pattern        988] Golden answer:  -489676, Your answer:  -489676
[Correct] [Pattern        989] Golden answer:  -436065, Your answer:  -436065
[Correct] [Pattern        990] Golden answer:  -183048, Your answer:  -183048
[Correct] [Pattern        991] Golden answer:   106089, Your answer:   106089
[Correct] [Pattern        992] Golden answer:   197991, Your answer:   197991
[Correct] [Pattern        993] Golden answer:     9016, Your answer:     9016
[Correct] [Pattern        994] Golden answer:  -292463, Your answer:  -292463
[Correct] [Pattern        995] Golden answer:  -453699, Your answer:  -453699
[Correct] [Pattern        996] Golden answer:  -407602, Your answer:  -407602
[Correct] [Pattern        997] Golden answer:  -306798, Your answer:  -306798
[Correct] [Pattern        998] Golden answer:  -275127, Your answer:  -275127
[Correct] [Pattern        999] Golden answer:  -254757, Your answer:  -254757
[Correct] [Pattern       1000] Golden answer:  -135294, Your answer:  -135294
[Correct] [Pattern       1001] Golden answer:    45895, Your answer:    45895
[Correct] [Pattern       1002] Golden answer:   126709, Your answer:   126709
[Correct] [Pattern       1003] Golden answer:    29186, Your answer:    29186
[Correct] [Pattern       1004] Golden answer:  -140650, Your answer:  -140650
[Correct] [Pattern       1005] Golden answer:  -205690, Your answer:  -205690
[Correct] [Pattern       1006] Golden answer:  -104608, Your answer:  -104608
[Correct] [Pattern       1007] Golden answer:    64836, Your answer:    64836
[Correct] [Pattern       1008] Golden answer:   157820, Your answer:   157820
[Correct] [Pattern       1009] Golden answer:   131035, Your answer:   131035
[Correct] [Pattern       1010] Golden answer:    74744, Your answer:    74744
[Correct] [Pattern       1011] Golden answer:    98730, Your answer:    98730
[Correct] [Pattern       1012] Golden answer:   218195, Your answer:   218195
[Correct] [Pattern       1013] Golden answer:   332872, Your answer:   332872
[Correct] [Pattern       1014] Golden answer:   345352, Your answer:   345352
[Correct] [Pattern       1015] Golden answer:   258870, Your answer:   258870
[Correct] [Pattern       1016] Golden answer:   178132, Your answer:   178132
[Correct] [Pattern       1017] Golden answer:   196829, Your answer:   196829
[Correct] [Pattern       1018] Golden answer:   292054, Your answer:   292054
[Correct] [Pattern       1019] Golden answer:   341844, Your answer:   341844
[Correct] [Pattern       1020] Golden answer:   231583, Your answer:   231583
[Correct] [Pattern       1021] Golden answer:   -25645, Your answer:   -25645
[Correct] [Pattern       1022] Golden answer:  -275282, Your answer:  -275282
[Correct] [Pattern       1023] Golden answer:  -360234, Your answer:  -360234
$finish called at time : 10325 ns : File "/home/ubuntu/DSPIC_HW4/project_1/tb/fir_tb.v" Line 93
exit
INFO: [Common 17-206] Exiting xsim at Wed Dec  6 13:26:09 2023...
